[2025-08-19 15:18:32] EXCEPTION: Call to undefined function curl_init() in /home/yaroslov/projects/painterNearWithGibison/core/GibsonAIService.php on line 667 (IP: 127.0.0.1, URL: /)
Stack trace:
#0 /home/yaroslov/projects/painterNearWithGibison/core/GibsonAIService.php(835): GibsonAIService->makeApiCall()
#1 /home/yaroslov/projects/painterNearWithGibison/core/GibsonBidService.php(26): GibsonAIService->makeApiCallPublic()
#2 /home/yaroslov/projects/painterNearWithGibison/core/GibsonBidService.php(21): GibsonBidService->testGibsonBidCapability()
#3 /home/yaroslov/projects/painterNearWithGibison/core/GibsonAIService.php(30): GibsonBidService->__construct()
#4 /home/yaroslov/projects/painterNearWithGibison/index.php(52): GibsonAIService->__construct()
#5 {main}
[2025-08-19 15:20:24] EXCEPTION: Call to undefined function curl_init() in /home/yaroslov/projects/painterNearWithGibison/core/GibsonAIService.php on line 667 (IP: 127.0.0.1, URL: /)
Stack trace:
#0 /home/yaroslov/projects/painterNearWithGibison/core/GibsonAIService.php(835): GibsonAIService->makeApiCall()
#1 /home/yaroslov/projects/painterNearWithGibison/core/GibsonBidService.php(26): GibsonAIService->makeApiCallPublic()
#2 /home/yaroslov/projects/painterNearWithGibison/core/GibsonBidService.php(21): GibsonBidService->testGibsonBidCapability()
#3 /home/yaroslov/projects/painterNearWithGibison/core/GibsonAIService.php(30): GibsonBidService->__construct()
#4 /home/yaroslov/projects/painterNearWithGibison/index.php(52): GibsonAIService->__construct()
#5 {main}
[19-Aug-2025 15:29:11 Europe/London] [GibsonAI] Client Error: GET https://api.gibsonai.com/v1/-/painter-bid - HTTP 400 - Entity painter_bid does not exist
[19-Aug-2025 15:29:11 Europe/London] [GibsonBidService] painter-bid entity not available, using local fallback
[19-Aug-2025 15:29:14 Europe/London] [GibsonAI] Client Error: GET https://api.gibsonai.com/v1/-/painter-bid - HTTP 400 - Entity painter_bid does not exist
[19-Aug-2025 15:29:14 Europe/London] [GibsonBidService] painter-bid entity not available, using local fallback
[19-Aug-2025 15:33:55 Europe/London] [GibsonAI] Client Error: GET https://api.gibsonai.com/v1/-/painter-bid - HTTP 400 - Entity painter_bid does not exist
[19-Aug-2025 15:33:55 Europe/London] [GibsonBidService] painter-bid entity not available, using local fallback
[19-Aug-2025 15:33:57 Europe/London] [GibsonAI] Client Error: GET https://api.gibsonai.com/v1/-/painter-bid - HTTP 400 - Entity painter_bid does not exist
[19-Aug-2025 15:33:57 Europe/London] [GibsonBidService] painter-bid entity not available, using local fallback
[19-Aug-2025 15:38:18 Europe/London] [GibsonAI] Client Error: GET https://api.gibsonai.com/v1/-/painter-bid - HTTP 400 - Entity painter_bid does not exist
[19-Aug-2025 15:38:18 Europe/London] [GibsonBidService] painter-bid entity not available, using local fallback
[19-Aug-2025 15:38:20 Europe/London] [GibsonAI] Client Error: GET https://api.gibsonai.com/v1/-/schema - HTTP 400 - Entity schema does not exist
[19-Aug-2025 15:38:47 Europe/London] [GibsonAI] Client Error: GET https://api.gibsonai.com/v1/-/painter-bid - HTTP 400 - Entity painter_bid does not exist
[19-Aug-2025 15:38:47 Europe/London] [GibsonBidService] painter-bid entity not available, using local fallback
[19-Aug-2025 15:38:49 Europe/London] [GibsonAI] Client Error: GET https://api.gibsonai.com/v1/-/schema - HTTP 400 - Entity schema does not exist
[19-Aug-2025 15:38:49 Europe/London] [GibsonAI] Client Error: GET https://api.gibsonai.com/v1/-/painter-bid - HTTP 400 - Entity painter_bid does not exist
[19-Aug-2025 15:38:49 Europe/London] [GibsonBidService] painter-bid entity not available, using local fallback
[19-Aug-2025 15:38:51 Europe/London] [GibsonAI] Client Error: GET https://api.gibsonai.com/v1/-/schema - HTTP 400 - Entity schema does not exist
[19-Aug-2025 15:39:37 Europe/London] [GibsonAI] Client Error: GET https://api.gibsonai.com/v1/-/painter-bid - HTTP 400 - Entity painter_bid does not exist
[19-Aug-2025 15:39:37 Europe/London] [GibsonBidService] painter-bid entity not available, using local fallback
[19-Aug-2025 15:40:47 Europe/London] [GibsonAI] Client Error: GET https://api.gibsonai.com/v1/-/painter-bid - HTTP 400 - Entity painter_bid does not exist
[19-Aug-2025 15:40:47 Europe/London] [GibsonBidService] painter-bid entity not available, using local fallback
[19-Aug-2025 15:40:59 Europe/London] [GibsonAI] cURL Error: SSL connection timeout
[19-Aug-2025 15:41:06 Europe/London] [GibsonAI] Client Error: GET https://api.gibsonai.com/v1/-/lead - HTTP 400 - Entity lead does not exist
[19-Aug-2025 15:41:07 Europe/London] [GibsonAI] Client Error: GET https://api.gibsonai.com/v1/-/painter - HTTP 400 - Entity painter does not exist
[19-Aug-2025 15:41:08 Europe/London] [GibsonAI] Client Error: GET https://api.gibsonai.com/v1/-/bid - HTTP 400 - Entity bid does not exist
[19-Aug-2025 15:41:08 Europe/London] [GibsonAI] Client Error: GET https://api.gibsonai.com/v1/-/job - HTTP 400 - Entity job does not exist
[19-Aug-2025 15:41:09 Europe/London] [GibsonAI] Client Error: GET https://api.gibsonai.com/v1/-/quote - HTTP 400 - Entity quote does not exist
[19-Aug-2025 15:41:10 Europe/London] [GibsonAI] Client Error: GET https://api.gibsonai.com/v1/-/painter-bid - HTTP 400 - Entity painter_bid does not exist
[19-Aug-2025 15:41:12 Europe/London] [GibsonAI] Client Error: GET https://api.gibsonai.com/v1/-/payment - HTTP 400 - Entity payment does not exist
[19-Aug-2025 15:42:00 Europe/London] [GibsonAI] Client Error: GET https://api.gibsonai.com/v1/-/painter-bid - HTTP 400 - Entity painter_bid does not exist
[19-Aug-2025 15:42:00 Europe/London] [GibsonBidService] painter-bid entity not available, using local fallback
[19-Aug-2025 15:42:02 Europe/London] [GibsonAI] Client Error: GET https://api.gibsonai.com/v1/-/painter-bid - HTTP 400 - Entity painter_bid does not exist
[19-Aug-2025 15:42:02 Europe/London] [GibsonBidService] painter-bid entity not available, using local fallback
